2025-03-05 19:52:41,364 - INFO - Starting HUMAnN3 Tools Preprocessing Pipeline
2025-03-05 19:52:41,517 - INFO - Using KneadData version: kneaddata v0.12.2
2025-03-05 19:52:41,608 - INFO - Using HUMAnN3 version: humann v3.9
2025-03-05 19:52:41,609 - INFO - Running KneadData for paired sample D19G
2025-03-05 19:52:41,609 - INFO - Running: kneaddata --input1 /home/david/Data/TrimmedMSSFiles/D19G_R1.fastq.gz --input2 /home/david/Data/TrimmedMSSFiles/D19G_R2.fastq --output /home/david/Data/TrimmedMSSFiles/D19G --threads 8 --reference-db /home/david/Databases/KneadDataDB --reference-db /home/david/Databases/BT2ContaminantDB --decontaminate-pairs strict
2025-03-05 19:52:41,683 - ERROR - ERROR: Command failed with exit code 1
2025-03-05 19:52:41,684 - ERROR - Error message: ERROR: File does not exist: /home/david/Data/TrimmedMSSFiles/D19G_R1.fastq.gz

2025-03-05 19:52:41,684 - ERROR - Failed command: kneaddata --input1 /home/david/Data/TrimmedMSSFiles/D19G_R1.fastq.gz --input2 /home/david/Data/TrimmedMSSFiles/D19G_R2.fastq --output /home/david/Data/TrimmedMSSFiles/D19G --threads 8 --reference-db /home/david/Databases/KneadDataDB --reference-db /home/david/Databases/BT2ContaminantDB --decontaminate-pairs strict
2025-03-05 19:52:41,684 - ERROR - KneadData failed for sample D19G
2025-03-05 19:52:41,685 - INFO - Running KneadData for paired sample D33G
2025-03-05 19:52:41,685 - INFO - Running: kneaddata --input1 /home/david/Data/TrimmedMSSFiles/D33G_R1.fastq.gz --input2 /home/david/Data/TrimmedMSSFiles/D33G_R2.fastq --output /home/david/Data/TrimmedMSSFiles/D33G --threads 8 --reference-db /home/david/Databases/KneadDataDB --reference-db /home/david/Databases/BT2ContaminantDB --decontaminate-pairs strict
2025-03-05 19:52:41,763 - ERROR - ERROR: Command failed with exit code 1
2025-03-05 19:52:41,763 - ERROR - Error message: ERROR: File does not exist: /home/david/Data/TrimmedMSSFiles/D33G_R1.fastq.gz

2025-03-05 19:52:41,764 - ERROR - Failed command: kneaddata --input1 /home/david/Data/TrimmedMSSFiles/D33G_R1.fastq.gz --input2 /home/david/Data/TrimmedMSSFiles/D33G_R2.fastq --output /home/david/Data/TrimmedMSSFiles/D33G --threads 8 --reference-db /home/david/Databases/KneadDataDB --reference-db /home/david/Databases/BT2ContaminantDB --decontaminate-pairs strict
2025-03-05 19:52:41,764 - ERROR - KneadData failed for sample D33G
2025-03-05 19:52:41,764 - ERROR - KneadData processing failed. Cannot proceed.
2025-03-05 19:53:16,912 - INFO - Starting HUMAnN3 Tools Preprocessing Pipeline
2025-03-05 19:53:16,979 - INFO - Using KneadData version: kneaddata v0.12.2
2025-03-05 19:53:17,070 - INFO - Using HUMAnN3 version: humann v3.9
2025-03-05 19:53:17,070 - INFO - Running KneadData for paired sample D19G
2025-03-05 19:53:17,070 - INFO - Running: kneaddata --input1 /home/david/Data/TrimmedMSSFiles/D19G_R1.fastq --input2 /home/david/Data/TrimmedMSSFiles/D19G_R2.fastq --output /home/david/Data/TrimmedMSSFiles/D19G --threads 8 --reference-db /home/david/Databases/KneadDataDB --reference-db /home/david/Databases/BT2ContaminantDB --decontaminate-pairs strict
2025-03-05 19:54:54,200 - INFO - Starting HUMAnN3 Tools Preprocessing Pipeline
2025-03-05 19:54:54,272 - INFO - Using KneadData version: kneaddata v0.12.2
2025-03-05 19:54:54,376 - INFO - Using HUMAnN3 version: humann v3.9
2025-03-05 19:54:54,376 - INFO - Running KneadData for paired sample D19G
2025-03-05 19:54:54,376 - INFO - Running: kneaddata --input1 /home/david/Data/TrimmedMSSFiles/D19G_R1.fastq --input2 /home/david/Data/TrimmedMSSFiles/D19G_R2.fastq --output /home/david/Data/TrimmedMSSFiles/D19G --threads 24 --reference-db /home/david/Databases/KneadDataDB --reference-db /home/david/Databases/BT2ContaminantDB --decontaminate-pairs strict
2025-03-05 20:08:54,152 - INFO - KneadData completed for sample D19G with 7 output files
2025-03-05 20:08:54,152 - INFO - Running KneadData for paired sample D33G
2025-03-05 20:08:54,153 - INFO - Running: kneaddata --input1 /home/david/Data/TrimmedMSSFiles/D33G_R1.fastq --input2 /home/david/Data/TrimmedMSSFiles/D33G_R2.fastq --output /home/david/Data/TrimmedMSSFiles/D33G --threads 24 --reference-db /home/david/Databases/KneadDataDB --reference-db /home/david/Databases/BT2ContaminantDB --decontaminate-pairs strict
2025-03-05 20:21:31,723 - INFO - KneadData completed for sample D33G with 7 output files
2025-03-05 20:21:31,724 - INFO - KneadData processing completed for 2 samples
2025-03-05 20:21:31,724 - INFO - Concatenating files for D19G: D19G_R1_kneaddata_paired_1.fastq + D19G_R1_kneaddata_paired_2.fastq
2025-03-05 20:21:32,358 - INFO - Created concatenated file for HUMAnN3: /home/david/Data/TrimmedMSSFiles/D19G/D19G_paired_concat.fastq
2025-03-05 20:21:32,359 - INFO - Concatenating files for D33G: D33G_R1_kneaddata_paired_1.fastq + D33G_R1_kneaddata_paired_2.fastq
2025-03-05 20:21:40,116 - INFO - Created concatenated file for HUMAnN3: /home/david/Data/TrimmedMSSFiles/D33G/D33G_paired_concat.fastq
2025-03-05 20:21:40,117 - INFO - Prepared 2 input files for HUMAnN3
2025-03-05 20:21:40,117 - INFO - Running HUMAnN3 for sample D19G
2025-03-05 20:21:40,117 - INFO - Running: humann --input /home/david/Data/TrimmedMSSFiles/D19G/D19G_paired_concat.fastq --output ./preprocessing_output/humann3_output/D19G --threads 24
2025-03-05 20:37:52,598 - INFO - Running: cp ./preprocessing_output/humann3_output/D19G/D19G_paired_concat_pathabundance.tsv ./preprocessing_output/humann3_output/PathwayAbundance/D19G_paired_concat_pathabundance.tsv
2025-03-05 20:37:52,603 - INFO - Running: cp ./preprocessing_output/humann3_output/D19G/D19G_paired_concat_pathcoverage.tsv ./preprocessing_output/humann3_output/PathwayCoverage/D19G_paired_concat_pathcoverage.tsv
2025-03-05 20:37:52,608 - INFO - Running: cp ./preprocessing_output/humann3_output/D19G/D19G_paired_concat_genefamilies.tsv ./preprocessing_output/humann3_output/GeneFamilies/D19G_paired_concat_genefamilies.tsv
2025-03-05 20:37:52,616 - INFO - Running: cp ./preprocessing_output/humann3_output/D19G/D19G_paired_concat_humann_temp/D19G_paired_concat_metaphlan_bugs_list.tsv ./preprocessing_output/humann3_output/MetaphlanFiles/D19G_paired_concat_metaphlan_bugs_list.tsv
2025-03-05 20:37:52,620 - INFO - Found output files for D19G: genefamilies, pathabundance, pathcoverage, metaphlan
2025-03-05 20:37:52,621 - INFO - Running HUMAnN3 for sample D33G
2025-03-05 20:37:52,621 - INFO - Running: humann --input /home/david/Data/TrimmedMSSFiles/D33G/D33G_paired_concat.fastq --output ./preprocessing_output/humann3_output/D33G --threads 24
2025-03-05 21:12:30,049 - INFO - Running: cp ./preprocessing_output/humann3_output/D33G/D33G_paired_concat_genefamilies.tsv ./preprocessing_output/humann3_output/GeneFamilies/D33G_paired_concat_genefamilies.tsv
2025-03-05 21:12:30,065 - INFO - Running: cp ./preprocessing_output/humann3_output/D33G/D33G_paired_concat_pathcoverage.tsv ./preprocessing_output/humann3_output/PathwayCoverage/D33G_paired_concat_pathcoverage.tsv
2025-03-05 21:12:30,070 - INFO - Running: cp ./preprocessing_output/humann3_output/D33G/D33G_paired_concat_pathabundance.tsv ./preprocessing_output/humann3_output/PathwayAbundance/D33G_paired_concat_pathabundance.tsv
2025-03-05 21:12:30,075 - INFO - Running: cp ./preprocessing_output/humann3_output/D33G/D33G_paired_concat_humann_temp/D33G_paired_concat_metaphlan_bugs_list.tsv ./preprocessing_output/humann3_output/MetaphlanFiles/D33G_paired_concat_metaphlan_bugs_list.tsv
2025-03-05 21:12:30,079 - INFO - Found output files for D33G: genefamilies, pathabundance, pathcoverage, metaphlan
2025-03-05 21:12:30,080 - INFO - HUMAnN3 processing completed for 2 samples
2025-03-05 21:12:30,080 - INFO - 
Preprocessing Pipeline Summary:
2025-03-05 21:12:30,080 - INFO - KneadData: Processed 2 samples
2025-03-05 21:12:30,080 - INFO - HUMAnN3: Processed 2 samples
2025-03-05 21:12:30,080 - INFO - 
Output Directories:
2025-03-05 21:12:30,080 - INFO -   KneadData Output: /home/david/Data/TrimmedMSSFiles
2025-03-05 21:12:30,081 - INFO -   HUMAnN3 Output: ./preprocessing_output/humann3_output
2025-03-05 21:12:30,081 - INFO - 
Output Files Summary:
2025-03-05 21:12:30,081 - INFO -   Pathway Abundance Files: 2 (in ./preprocessing_output/humann3_output/PathwayAbundance)
2025-03-05 21:12:30,081 - INFO -   Gene Families Files: 2 (in ./preprocessing_output/humann3_output/GeneFamilies)
2025-03-05 21:12:30,081 - INFO -   Pathway Coverage Files: 2 (in ./preprocessing_output/humann3_output/PathwayCoverage)
2025-03-05 21:12:30,081 - INFO -   MetaPhlAn Files: 2 (in ./preprocessing_output/humann3_output/MetaphlanFiles)
2025-03-05 21:12:30,082 - INFO - 
Sample Results Summary:
2025-03-05 21:12:30,082 - INFO - |------------|------------|------------|------------|------------|
2025-03-05 21:12:30,082 - INFO - | Sample     |  Pathway   | Gene Fam.  |  PathCov.  | MetaPhlAn  |
2025-03-05 21:12:30,082 - INFO - |------------|------------|------------|------------|------------|
2025-03-05 21:12:30,082 - INFO - | D19G       |     ✓      |     ✓      |     ✓      |     ✓      |
2025-03-05 21:12:30,082 - INFO - | D33G       |     ✓      |     ✓      |     ✓      |     ✓      |
2025-03-05 21:12:30,082 - INFO - |------------|------------|------------|------------|------------|
2025-03-05 21:12:30,082 - INFO - 
2025-03-05 21:12:30,083 - INFO - 
Total preprocessing time: 1h 17m 35s
2025-03-05 21:12:30,083 - INFO - 
Next Steps:
2025-03-05 21:12:30,083 - INFO -   To process these files with humann3_tools, you can use:
2025-03-05 21:12:30,083 - INFO -   humann3_tools --pathway-dir <pathabundance_dir> --gene-dir <genefamilies_dir> --sample-key <metadata.csv> --output-dir <output_dir>
